  stdafx.cpp
  my_function.cpp
  sm4.cpp
  CSmartToolDlg.cpp
E:\GaohkWork_UNIONMAN\工具开发\UNIONMAN SmartCardTool\UNIONMAN SmartCardTool\CSmartToolDlg.cpp(24,1): warning C4005: “_CRT_SECURE_NO_WARNINGS”: 宏重定义
  (编译源文件“/CSmartToolDlg.cpp”)
  E:\GaohkWork_UNIONMAN\工具开发\UNIONMAN SmartCardTool\UNIONMAN SmartCardTool\CSmartToolDlg.cpp(24,1):
  之前在命令行上声明的“_CRT_SECURE_NO_WARNINGS”
  
  PCSCReader.cpp
  PCSCReaderDemo.cpp
  PAGE1_APDU.cpp
  page2_CardInfo.cpp
  page3_download.cpp
  page4_AppletLoad.cpp
  pageNativePlus.cpp
  progress.cpp
  Thread.cpp
  正在生成代码
  Previous IPDB not found, fall back to full compilation.
  All 984 functions were compiled because no usable IPDB/IOBJ from previous compilation was found.
  已完成代码的生成
  UNIONMAN SmartCardTool.vcxproj -> E:\GaohkWork_UNIONMAN\工具开发\UNIONMAN SmartCardTool\Release\UNIONMAN SmartCardTool.exe
