e:\gaohkwork_unionman\工具开发\unionman smartcardtool\unionman smartcardtool\release\unionman smartcardtool.pch
e:\gaohkwork_unionman\工具开发\unionman smartcardtool\unionman smartcardtool\release\vc143.pdb
e:\gaohkwork_unionman\工具开发\unionman smartcardtool\unionman smartcardtool\release\stdafx.obj
e:\gaohkwork_unionman\工具开发\unionman smartcardtool\unionman smartcardtool\release\thread.obj
e:\gaohkwork_unionman\工具开发\unionman smartcardtool\unionman smartcardtool\release\progress.obj
e:\gaohkwork_unionman\工具开发\unionman smartcardtool\unionman smartcardtool\release\pagenativeplus.obj
e:\gaohkwork_unionman\工具开发\unionman smartcardtool\unionman smartcardtool\release\page4_appletload.obj
e:\gaohkwork_unionman\工具开发\unionman smartcardtool\unionman smartcardtool\release\page3_download.obj
e:\gaohkwork_unionman\工具开发\unionman smartcardtool\unionman smartcardtool\release\page2_cardinfo.obj
e:\gaohkwork_unionman\工具开发\unionman smartcardtool\unionman smartcardtool\release\page1_apdu.obj
e:\gaohkwork_unionman\工具开发\unionman smartcardtool\unionman smartcardtool\release\pcscreaderdemo.obj
e:\gaohkwork_unionman\工具开发\unionman smartcardtool\unionman smartcardtool\release\pcscreader.obj
e:\gaohkwork_unionman\工具开发\unionman smartcardtool\unionman smartcardtool\release\csmarttooldlg.obj
e:\gaohkwork_unionman\工具开发\unionman smartcardtool\unionman smartcardtool\release\sm4.obj
e:\gaohkwork_unionman\工具开发\unionman smartcardtool\unionman smartcardtool\release\my_function.obj
e:\gaohkwork_unionman\工具开发\unionman smartcardtool\release\unionman smartcardtool.exe
e:\gaohkwork_unionman\工具开发\unionman smartcardtool\release\unionman smartcardtool.pdb
e:\gaohkwork_unionman\工具开发\unionman smartcardtool\unionman smartcardtool\release\unionman smartcardtool.res
e:\gaohkwork_unionman\工具开发\unionman smartcardtool\unionman smartcardtool\release\unionman smartcardtool.ipdb
e:\gaohkwork_unionman\工具开发\unionman smartcardtool\unionman smartcardtool\release\unionman smartcardtool.iobj
e:\gaohkwork_unionman\工具开发\unionman smartcardtool\unionman smartcardtool\release\unionman.ded413ba.tlog\cl.command.1.tlog
e:\gaohkwork_unionman\工具开发\unionman smartcardtool\unionman smartcardtool\release\unionman.ded413ba.tlog\cl.items.tlog
e:\gaohkwork_unionman\工具开发\unionman smartcardtool\unionman smartcardtool\release\unionman.ded413ba.tlog\cl.read.1.tlog
e:\gaohkwork_unionman\工具开发\unionman smartcardtool\unionman smartcardtool\release\unionman.ded413ba.tlog\cl.write.1.tlog
e:\gaohkwork_unionman\工具开发\unionman smartcardtool\unionman smartcardtool\release\unionman.ded413ba.tlog\link.command.1.tlog
e:\gaohkwork_unionman\工具开发\unionman smartcardtool\unionman smartcardtool\release\unionman.ded413ba.tlog\link.read.1.tlog
e:\gaohkwork_unionman\工具开发\unionman smartcardtool\unionman smartcardtool\release\unionman.ded413ba.tlog\link.secondary.1.tlog
e:\gaohkwork_unionman\工具开发\unionman smartcardtool\unionman smartcardtool\release\unionman.ded413ba.tlog\link.write.1.tlog
e:\gaohkwork_unionman\工具开发\unionman smartcardtool\unionman smartcardtool\release\unionman.ded413ba.tlog\rc.command.1.tlog
e:\gaohkwork_unionman\工具开发\unionman smartcardtool\unionman smartcardtool\release\unionman.ded413ba.tlog\rc.read.1.tlog
e:\gaohkwork_unionman\工具开发\unionman smartcardtool\unionman smartcardtool\release\unionman.ded413ba.tlog\rc.write.1.tlog
